[    0.000000] Linux version 4.15.0-159-generic (buildd@lgw01-amd64-055) (gcc version 7.5.0 (Ubuntu 7.5.0-3ubuntu1~18.04)) #167-Ubuntu SMP Tue Sep 21 08:55:05 UTC 2021 (Ubuntu 4.15.0-159.167-generic 4.15.18)
[    0.000000] Command line: BOOT_IMAGE=/boot/vmlinuz-4.15.0-159-generic root=LABEL=cloudimg-rootfs ro console=tty1 console=ttyS0
[    0.000000] KERNEL supported cpus:
[    0.000000]   Intel GenuineIntel
[    0.000000]   AMD AuthenticAMD
[    0.000000]   Centaur CentaurHauls
[    0.000000] [Firmware Bug]: TSC doesn't count with P0 frequency!
[    0.000000] x86/fpu: x87 FPU will use FXSAVE
[    0.000000] e820: BIOS-provided physical RAM map:
[    0.000000] BIOS-e820: [mem 0x0000000000000000-0x000000000009fbff] usable
[    0.000000] BIOS-e820: [mem 0x000000000009fc00-0x000000000009ffff] reserved
[    0.000000] BIOS-e820: [mem 0x00000000000f0000-0x00000000000fffff] reserved
[    0.000000] BIOS-e820: [mem 0x0000000000100000-0x000000003ffeffff] usable
[    0.000000] BIOS-e820: [mem 0x000000003fff0000-0x000000003fffffff] ACPI data
[    0.000000] BIOS-e820: [mem 0x00000000fec00000-0x00000000fec00fff] reserved
[    0.000000] BIOS-e820: [mem 0x00000000fee00000-0x00000000fee00fff] reserved
[    0.000000] BIOS-e820: [mem 0x00000000fffc0000-0x00000000ffffffff] reserved
[    0.000000] NX (Execute Disable) protection: active
[    0.000000] SMBIOS 2.5 present.
[    0.000000] DMI: innotek GmbH VirtualBox/VirtualBox, BIOS VirtualBox 12/01/2006
[    0.000000] Hypervisor detected: KVM
[    0.000000] e820: last_pfn = 0x3fff0 max_arch_pfn = 0x400000000
[    0.000000] MTRR: Disabled
[    0.000000] x86/PAT: MTRRs disabled, skipping PAT initialization too.
[    0.000000] CPU MTRRs all blank - virtualized system.
[    0.000000] x86/PAT: Configuration [0-7]: WB  WT  UC- UC  WB  WT  UC- UC  
[    0.000000] found SMP MP-table at [mem 0x0009fff0-0x0009ffff]
[    0.000000] Scanning 1 areas for low memory corruption
[    0.000000] RAMDISK: [mem 0x359cb000-0x36cdcfff]
[    0.000000] ACPI: Early table checksum verification disabled
[    0.000000] ACPI: RSDP 0x00000000000E0000 000024 (v02 VBOX  )
[    0.000000] ACPI: XSDT 0x000000003FFF0030 00003C (v01 VBOX   VBOXXSDT 00000001 ASL  00000061)
[    0.000000] ACPI: FACP 0x000000003FFF00F0 0000F4 (v04 VBOX   VBOXFACP 00000001 ASL  00000061)
[    0.000000] ACPI: DSDT 0x000000003FFF0470 002325 (v02 VBOX   VBOXBIOS 00000002 INTL 20100528)
[    0.000000] ACPI: FACS 0x000000003FFF0200 000040
[    0.000000] ACPI: FACS 0x000000003FFF0200 000040
[    0.000000] ACPI: APIC 0x000000003FFF0240 00005C (v02 VBOX   VBOXAPIC 00000001 ASL  00000061)
[    0.000000] ACPI: SSDT 0x000000003FFF02A0 0001CC (v01 VBOX   VBOXCPUT 00000002 INTL 20100528)
[    0.000000] ACPI: Reserving FACP table memory at [mem 0x3fff00f0-0x3fff01e3]
[    0.000000] ACPI: Reserving DSDT table memory at [mem 0x3fff0470-0x3fff2794]
[    0.000000] ACPI: Reserving FACS table memory at [mem 0x3fff0200-0x3fff023f]
[    0.000000] ACPI: Reserving FACS table memory at [mem 0x3fff0200-0x3fff023f]
[    0.000000] ACPI: Reserving APIC table memory at [mem 0x3fff0240-0x3fff029b]
[    0.000000] ACPI: Reserving SSDT table memory at [mem 0x3fff02a0-0x3fff046b]
[    0.000000] No NUMA configuration found
[    0.000000] Faking a node at [mem 0x0000000000000000-0x000000003ffeffff]
[    0.000000] NODE_DATA(0) allocated [mem 0x3ffc5000-0x3ffeffff]
[    0.000000] kvm-clock: cpu 0, msr 0:3ff44001, primary cpu clock
[    0.000000] kvm-clock: Using msrs 4b564d01 and 4b564d00
[    0.000000] kvm-clock: using sched offset of 4636566651 cycles
[    0.000000] clocksource: kvm-clock: mask: 0xffffffffffffffff max_cycles: 0x1cd42e4dffb, max_idle_ns: 881590591483 ns
[    0.000000] Zone ranges:
[    0.000000]   DMA      [mem 0x0000000000001000-0x0000000000ffffff]
[    0.000000]   DMA32    [mem 0x0000000001000000-0x000000003ffeffff]
[    0.000000]   Normal   empty
[    0.000000]   Device   empty
[    0.000000] Movable zone start for each node
[    0.000000] Early memory node ranges
[    0.000000]   node   0: [mem 0x0000000000001000-0x000000000009efff]
[    0.000000]   node   0: [mem 0x0000000000100000-0x000000003ffeffff]
[    0.000000] Reserved but unavailable: 104 pages
[    0.000000] Initmem setup node 0 [mem 0x0000000000001000-0x000000003ffeffff]
[    0.000000] ACPI: PM-Timer IO Port: 0x4008
[    0.000000] IOAPIC[0]: apic_id 2, version 32, address 0xfec00000, GSI 0-23
[    0.000000] ACPI: INT_SRC_OVR (bus 0 bus_irq 0 global_irq 2 dfl dfl)
[    0.000000] ACPI: INT_SRC_OVR (bus 0 bus_irq 9 global_irq 9 low level)
[    0.000000] Using ACPI (MADT) for SMP configuration information
[    0.000000] smpboot: Allowing 2 CPUs, 0 hotplug CPUs
[    0.000000] PM: Registered nosave memory: [mem 0x00000000-0x00000fff]
[    0.000000] PM: Registered nosave memory: [mem 0x0009f000-0x0009ffff]
[    0.000000] PM: Registered nosave memory: [mem 0x000a0000-0x000effff]
[    0.000000] PM: Registered nosave memory: [mem 0x000f0000-0x000fffff]
[    0.000000] e820: [mem 0x40000000-0xfebfffff] available for PCI devices
[    0.000000] Booting paravirtualized kernel on KVM
[    0.000000] clocksource: refined-jiffies: mask: 0xffffffff max_cycles: 0xffffffff, max_idle_ns: 7645519600211568 ns
[    0.000000] random: get_random_bytes called from start_kernel+0x99/0x500 with crng_init=0
[    0.000000] setup_percpu: NR_CPUS:8192 nr_cpumask_bits:2 nr_cpu_ids:2 nr_node_ids:1
[    0.000000] percpu: Embedded 45 pages/cpu s147456 r8192 d28672 u1048576
[    0.000000] PV qspinlock hash table entries: 256 (order: 0, 4096 bytes)
[    0.000000] Built 1 zonelists, mobility grouping on.  Total pages: 257913
[    0.000000] Policy zone: DMA32
[    0.000000] Kernel command line: BOOT_IMAGE=/boot/vmlinuz-4.15.0-159-generic root=LABEL=cloudimg-rootfs ro console=tty1 console=ttyS0
[    0.000000] Memory: 982708K/1048120K available (12300K kernel code, 2483K rwdata, 4320K rodata, 2448K init, 2724K bss, 65412K reserved, 0K cma-reserved)
[    0.000000] SLUB: HWalign=64, Order=0-3, MinObjects=0, CPUs=2, Nodes=1
[    0.000000] ftrace: allocating 39471 entries in 155 pages
[    0.004000] Hierarchical RCU implementation.
[    0.004000] 	RCU restricting CPUs from NR_CPUS=8192 to nr_cpu_ids=2.
[    0.004000] 	Tasks RCU enabled.
[    0.004000] RCU: Adjusting geometry for rcu_fanout_leaf=16, nr_cpu_ids=2
[    0.004000] NR_IRQS: 524544, nr_irqs: 440, preallocated irqs: 16
[    0.004000] Console: colour VGA+ 80x25
[    0.004000] console [tty1] enabled
[    0.004000] console [ttyS0] enabled
[    0.004000] ACPI: Core revision 20170831
[    0.004000] ACPI: 2 ACPI AML tables successfully acquired and loaded
[    0.004000] APIC: Switch to symmetric I/O mode setup
[    0.004000] ..TIMER: vector=0x30 apic1=0 pin1=2 apic2=-1 pin2=-1
[    0.004005] tsc: Detected 2994.264 MHz processor
[    0.008009] Calibrating delay loop (skipped) preset value.. 5988.52 BogoMIPS (lpj=11977056)
[    0.012007] pid_max: default: 32768 minimum: 301
[    0.016076] Security Framework initialized
[    0.020004] Yama: becoming mindful.
[    0.024104] AppArmor: AppArmor initialized
[    0.033970] Dentry cache hash table entries: 131072 (order: 8, 1048576 bytes)
[    0.042255] Inode-cache hash table entries: 65536 (order: 7, 524288 bytes)
[    0.044098] Mount-cache hash table entries: 2048 (order: 2, 16384 bytes)
[    0.048080] Mountpoint-cache hash table entries: 2048 (order: 2, 16384 bytes)
[    0.053257] Last level iTLB entries: 4KB 1024, 2MB 1024, 4MB 512
[    0.056003] Last level dTLB entries: 4KB 2048, 2MB 2048, 4MB 1024, 1GB 0
[    0.060007] Spectre V1 : Mitigation: usercopy/swapgs barriers and __user pointer sanitization
[    0.064005] Spectre V2 : Spectre mitigation: LFENCE not serializing, switching to generic retpoline
[    0.068006] Spectre V2 : Mitigation: Full generic retpoline
[    0.072005] Spectre V2 : Spectre v2 / SpectreRSB mitigation: Filling RSB on context switch
[    0.076007] Speculative Store Bypass: Mitigation: Speculative Store Bypass disabled via prctl and seccomp
[    0.080164] Freeing SMP alternatives memory: 36K
[    0.202297] APIC calibration not consistent with PM-Timer: 102ms instead of 100ms
[    0.204000] APIC delta adjusted to PM-Timer: 6338618 (6501832)
[    0.204806] smpboot: CPU0: AMD Ryzen 5 4600H with Radeon Graphics (family: 0x17, model: 0x60, stepping: 0x1)
[    0.208000] Performance Events: PMU not available due to virtualization, using software events only.
[    0.208000] Hierarchical SRCU implementation.
[    0.208000] NMI watchdog: Perf event create on CPU 0 failed with -2
[    0.208000] NMI watchdog: Perf NMI watchdog permanently disabled
[    0.208000] smp: Bringing up secondary CPUs ...
[    0.208000] x86: Booting SMP configuration:
[    0.208000] .... node  #0, CPUs:      #1
[    0.004000] kvm-clock: cpu 1, msr 0:3ff44041, secondary cpu clock
[    0.219318] TSC synchronization [CPU#0 -> CPU#1]:
[    0.220000] Measured 106080 cycles TSC warp between CPUs, turning off TSC clock.
[    0.220000] tsc: Marking TSC unstable due to check_tsc_sync_source failed
[    0.224225] smp: Brought up 1 node, 2 CPUs
[    0.228010] smpboot: Max logical packages: 1
[    0.232009] smpboot: Total of 2 processors activated (11977.05 BogoMIPS)
[    0.240425] devtmpfs: initialized
[    0.248203] x86/mm: Memory block size: 128MB
[    0.252448] evm: security.selinux
[    0.260003] evm: security.SMACK64
[    0.264003] evm: security.SMACK64EXEC
[    0.268005] evm: security.SMACK64TRANSMUTE
[    0.272003] evm: security.SMACK64MMAP
[    0.280003] evm: security.apparmor
[    0.284004] evm: security.ima
[    0.288007] evm: security.capability
[    0.296411] clocksource: jiffies: mask: 0xffffffff max_cycles: 0xffffffff, max_idle_ns: 7645041785100000 ns
[    0.312019] futex hash table entries: 512 (order: 3, 32768 bytes)
[    0.320494] pinctrl core: initialized pinctrl subsystem
[    0.332003] RTC time: 23:19:59, date: 09/30/21
[    0.340203] NET: Registered protocol family 16
[    0.344163] audit: initializing netlink subsys (disabled)
[    0.352313] audit: type=2000 audit(1633044004.986:1): state=initialized audit_enabled=0 res=1
[    0.360028] cpuidle: using governor ladder
[    0.364212] cpuidle: using governor menu
[    0.376110] ACPI: bus type PCI registered
[    0.380006] acpiphp: ACPI Hot Plug PCI Controller Driver version: 0.5
[    0.392067] PCI: Using configuration type 1 for base access
[    0.396003] PCI: Using configuration type 1 for extended access
[    0.408206] HugeTLB registered 2.00 MiB page size, pre-allocated 0 pages
[    0.416563] ACPI: Added _OSI(Module Device)
[    0.420016] ACPI: Added _OSI(Processor Device)
[    0.424004] ACPI: Added _OSI(3.0 _SCP Extensions)
[    0.428008] ACPI: Added _OSI(Processor Aggregator Device)
[    0.436010] ACPI: Added _OSI(Linux-Dell-Video)
[    0.440009] ACPI: Added _OSI(Linux-Lenovo-NV-HDMI-Audio)
[    0.444030] ACPI: Added _OSI(Linux-HPI-Hybrid-Graphics)
[    0.452070] ACPI: Executed 1 blocks of module-level executable AML code
[    0.463642] ACPI: Interpreter enabled
[    0.464025] ACPI: (supports S0 S5)
[    0.468008] ACPI: Using IOAPIC for interrupt routing
[    0.472426] PCI: Using host bridge windows from ACPI; if necessary, use "pci=nocrs" and report a bug
[    0.480251] ACPI: Enabled 2 GPEs in block 00 to 07
[    0.497173] ACPI: PCI Root Bridge [PCI0] (domain 0000 [bus 00-ff])
[    0.500018] acpi PNP0A03:00: _OSC: OS supports [ExtendedConfig ASPM ClockPM Segments MSI]
[    0.512536] acpi PNP0A03:00: _OSC: platform does not support [PCIeCapability]
[    0.516276] acpi PNP0A03:00: _OSC: not requesting control; platform does not support [PCIeCapability]
[    0.528006] acpi PNP0A03:00: _OSC: OS requested [PCIeHotplug PME AER PCIeCapability]
[    0.532007] acpi PNP0A03:00: _OSC: platform willing to grant [PCIeHotplug PME AER]
[    0.540007] acpi PNP0A03:00: _OSC failed (AE_SUPPORT); disabling ASPM
[    0.544793] PCI host bridge to bus 0000:00
[    0.548008] pci_bus 0000:00: root bus resource [io  0x0000-0x0cf7 window]
[    0.556006] pci_bus 0000:00: root bus resource [io  0x0d00-0xffff window]
[    0.564006] pci_bus 0000:00: root bus resource [mem 0x000a0000-0x000bffff window]
[    0.568011] pci_bus 0000:00: root bus resource [mem 0x40000000-0xfdffffff window]
[    0.576004] pci_bus 0000:00: root bus resource [bus 00-ff]
[    0.589772] pci 0000:00:01.1: legacy IDE quirk: reg 0x10: [io  0x01f0-0x01f7]
[    0.592006] pci 0000:00:01.1: legacy IDE quirk: reg 0x14: [io  0x03f6]
[    0.600006] pci 0000:00:01.1: legacy IDE quirk: reg 0x18: [io  0x0170-0x0177]
[    0.608006] pci 0000:00:01.1: legacy IDE quirk: reg 0x1c: [io  0x0376]
[    0.662064] pci 0000:00:07.0: quirk: [io  0x4000-0x403f] claimed by PIIX4 ACPI
[    0.672043] pci 0000:00:07.0: quirk: [io  0x4100-0x410f] claimed by PIIX4 SMB
[    0.697773] ACPI: PCI Interrupt Link [LNKA] (IRQs 5 9 10 *11)
[    0.708619] ACPI: PCI Interrupt Link [LNKB] (IRQs 5 9 *10 11)
[    0.720022] ACPI: PCI Interrupt Link [LNKC] (IRQs 5 *9 10 11)
[    0.728216] ACPI: PCI Interrupt Link [LNKD] (IRQs 5 9 10 *11)
[    0.740880] SCSI subsystem initialized
[    0.748439] pci 0000:00:02.0: vgaarb: setting as boot VGA device
[    0.752000] pci 0000:00:02.0: vgaarb: VGA device added: decodes=io+mem,owns=io+mem,locks=none
[    0.772008] pci 0000:00:02.0: vgaarb: bridge control possible
[    0.784004] vgaarb: loaded
[    0.788081] ACPI: bus type USB registered
[    0.796065] usbcore: registered new interface driver usbfs
[    0.804021] usbcore: registered new interface driver hub
[    0.812021] usbcore: registered new device driver usb
[    0.820240] EDAC MC: Ver: 3.0.0
[    0.832580] PCI: Using ACPI for IRQ routing
[    0.836985] NetLabel: Initializing
[    0.840004] NetLabel:  domain hash size = 128
[    0.844003] NetLabel:  protocols = UNLABELED CIPSOv4 CALIPSO
[    0.848021] NetLabel:  unlabeled traffic allowed by default
[    0.856263] clocksource: Switched to clocksource kvm-clock
[    0.916342] VFS: Disk quotas dquot_6.6.0
[    0.920432] VFS: Dquot-cache hash table entries: 512 (order 0, 4096 bytes)
[    0.928706] AppArmor: AppArmor Filesystem Enabled
[    0.933484] pnp: PnP ACPI init
[    0.938384] pnp: PnP ACPI: found 3 devices
[    0.981686] clocksource: acpi_pm: mask: 0xffffff max_cycles: 0xffffff, max_idle_ns: 2085701024 ns
[    0.990441] NET: Registered protocol family 2
[    0.995796] IP idents hash table entries: 16384 (order: 5, 131072 bytes)
[    1.002678] TCP established hash table entries: 8192 (order: 4, 65536 bytes)
[    1.009423] TCP bind hash table entries: 8192 (order: 5, 131072 bytes)
[    1.016658] TCP: Hash tables configured (established 8192 bind 8192)
[    1.023679] UDP hash table entries: 512 (order: 2, 16384 bytes)
[    1.029564] UDP-Lite hash table entries: 512 (order: 2, 16384 bytes)
[    1.036154] NET: Registered protocol family 1
[    1.040714] pci 0000:00:00.0: Limiting direct PCI/PCI transfers
[    1.046713] pci 0000:00:01.0: Activating ISA DMA hang workarounds
[    1.052903] pci 0000:00:02.0: Video device with shadowed ROM at [mem 0x000c0000-0x000dffff]
[    1.060683] Unpacking initramfs...
[    1.612173] Freeing initrd memory: 19528K
[    1.618769] clocksource: tsc: mask: 0xffffffffffffffff max_cycles: 0x2b291b4c42f, max_idle_ns: 440795358207 ns
[    1.628547] platform rtc_cmos: registered platform RTC device (no PNP device found)
[    1.636368] Scanning for low memory corruption every 60 seconds
[    1.643819] Initialise system trusted keyrings
[    1.648466] Key type blacklist registered
[    1.652865] workingset: timestamp_bits=36 max_order=18 bucket_order=0
[    1.660451] zbud: loaded
[    1.664629] squashfs: version 4.0 (2009/01/31) Phillip Lougher
[    1.671785] fuse init (API version 7.26)
[    1.703495] Key type asymmetric registered
[    1.706823] Asymmetric key parser 'x509' registered
[    1.711007] Block layer SCSI generic (bsg) driver version 0.4 loaded (major 246)
[    1.717513] io scheduler noop registered
[    1.720585] io scheduler deadline registered
[    1.724264] io scheduler cfq registered (default)
[    1.728914] ACPI: AC Adapter [AC] (on-line)
[    1.732174] input: Power Button as /devices/LNXSYSTM:00/LNXPWRBN:00/input/input0
[    1.739230] ACPI: Power Button [PWRF]
[    1.742524] input: Sleep Button as /devices/LNXSYSTM:00/LNXSLPBN:00/input/input1
[    1.748690] ACPI: Sleep Button [SLPF]
[    1.753723] ACPI: Battery Slot [BAT0] (battery present)
[    1.759781] Serial: 8250/16550 driver, 32 ports, IRQ sharing enabled
[    1.792440] 00:02: ttyS0 at I/O 0x3f8 (irq = 4, base_baud = 115200) is a 16550A
[    1.812860] Linux agpgart interface v0.103
[    1.823539] loop: module loaded
[    1.829022] scsi host0: ata_piix
[    1.832755] scsi host1: ata_piix
[    1.836425] ata1: PATA max UDMA/33 cmd 0x1f0 ctl 0x3f6 bmdma 0xd000 irq 14
[    1.842980] ata2: PATA max UDMA/33 cmd 0x170 ctl 0x376 bmdma 0xd008 irq 15
[    1.849806] libphy: Fixed MDIO Bus: probed
[    1.854216] tun: Universal TUN/TAP device driver, 1.6
[    1.859978] PPP generic driver version 2.4.2
[    1.864913] ehci_hcd: USB 2.0 'Enhanced' Host Controller (EHCI) Driver
[    1.871588] ehci-pci: EHCI PCI platform driver
[    1.876483] ehci-platform: EHCI generic platform driver
[    1.881435] ohci_hcd: USB 1.1 'Open' Host Controller (OHCI) Driver
[    1.887334] ohci-pci: OHCI PCI platform driver
[    1.891810] ohci-platform: OHCI generic platform driver
[    1.896788] uhci_hcd: USB Universal Host Controller Interface driver
[    1.902514] i8042: PNP: PS/2 Controller [PNP0303:PS2K,PNP0f03:PS2M] at 0x60,0x64 irq 1,12
[    1.912607] serio: i8042 KBD port at 0x60,0x64 irq 1
[    1.916631] serio: i8042 AUX port at 0x60,0x64 irq 12
[    1.921165] mousedev: PS/2 mouse device common for all mice
[    1.931920] rtc_cmos rtc_cmos: rtc core: registered rtc_cmos as rtc0
[    1.943617] rtc_cmos rtc_cmos: alarms up to one day, 114 bytes nvram
[    1.943890] input: AT Translated Set 2 keyboard as /devices/platform/i8042/serio0/input/input2
[    1.950209] i2c /dev entries driver
[    1.960893] device-mapper: uevent: version 1.0.3
[    1.965797] device-mapper: ioctl: 4.37.0-ioctl (2017-09-20) initialised: dm-devel@redhat.com
[    1.973727] ledtrig-cpu: registered to indicate activity on CPUs
[    1.979977] NET: Registered protocol family 10
[    1.991329] Segment Routing with IPv6
[    1.994452] NET: Registered protocol family 17
[    1.999260] Key type dns_resolver registered
[    2.005144] mce: Using 0 MCE banks
[    2.008895] RAS: Correctable Errors collector initialized.
[    2.014490] sched_clock: Marking stable (2014446325, 0)->(2729406701, -714960376)
[    2.064622] registered taskstats version 1
[    2.069530] Loading compiled-in X.509 certificates
[    2.079401] Loaded X.509 cert 'Build time autogenerated kernel key: bf5768e0b2369bd53acb56866ca104cf5a2c379b'
[    2.088821] Loaded X.509 cert 'Canonical Ltd. Live Patch Signing: 14df34d1a87cf37625abec039ef2bf521249b969'
[    2.097872] Loaded X.509 cert 'Canonical Ltd. Kernel Module Signing: 88f752e560a1e0737e31163a466ad7b70a850c19'
[    2.106260] zswap: loaded using pool lzo/zbud
[    2.118744] Key type big_key registered
[    2.122295] Key type trusted registered
[    2.129458] Key type encrypted registered
[    2.132721] AppArmor: AppArmor sha1 policy hashing enabled
[    2.137005] ima: No TPM chip found, activating TPM-bypass! (rc=-19)
[    2.142661] ima: Allocated hash algorithm: sha1
[    2.147039] evm: HMAC attrs: 0x1
[    2.150718]   Magic number: 5:985:353
[    2.154789] rtc_cmos rtc_cmos: setting system clock to 2021-09-30 23:20:01 UTC (1633044001)
[    2.162530] BIOS EDD facility v0.16 2004-Jun-25, 0 devices found
[    2.168097] EDD information not available.
[    2.175133] Freeing unused kernel image memory: 2448K
[    2.197130] Write protecting the kernel read-only data: 20480k
[    2.203268] Freeing unused kernel image memory: 2008K
[    2.207711] Freeing unused kernel image memory: 1824K
[    2.217660] x86/mm: Checked W+X mappings: passed, no W+X pages found.
Loading, please wait...
starting version 237
[    2.293823] Fusion MPT base driver 3.04.20
[    2.297957] Copyright (c) 1999-2008 LSI Corporation
[    2.303052] e1000: Intel(R) PRO/1000 Network Driver - version 7.3.21-k8-NAPI
[    2.309232] e1000: Copyright (c) 1999-2006 Intel Corporation.
[    2.327110] Fusion MPT SPI Host driver 3.04.20
[    2.341139] mptbase: ioc0: Initiating bringup
[    2.447792] ioc0: LSI53C1030 A0: Capabilities={Initiator}
[    2.575972] input: ImExPS/2 Generic Explorer Mouse as /devices/platform/i8042/serio1/input/input4
[    3.283651] scsi host2: ioc0: LSI53C1030 A0, FwRev=00000000h, Ports=1, MaxQ=256, IRQ=20
[    3.510201] scsi 2:0:0:0: Direct-Access     VBOX     HARDDISK         1.0  PQ: 0 ANSI: 5
[    3.552392] scsi target2:0:0: Beginning Domain Validation
[    3.563660] scsi target2:0:0: Domain Validation skipping write tests
[    3.569418] scsi target2:0:0: Ending Domain Validation
[    3.574499] scsi target2:0:0: asynchronous
[    3.579668] random: fast init done
[    3.582655] scsi 2:0:1:0: Direct-Access     VBOX     HARDDISK         1.0  PQ: 0 ANSI: 5
[    4.000334] scsi target2:0:1: Beginning Domain Validation
[    4.011344] scsi target2:0:1: Domain Validation skipping write tests
[    4.016665] scsi target2:0:1: Ending Domain Validation
[    4.021329] scsi target2:0:1: asynchronous
[    4.034856] sd 2:0:0:0: Attached scsi generic sg0 type 0
[    4.039092] random: systemd-udevd: uninitialized urandom read (16 bytes read)
[    4.040019] sd 2:0:0:0: [sda] 83886080 512-byte logical blocks: (42.9 GB/40.0 GiB)
[    4.052623] sd 2:0:1:0: Attached scsi generic sg1 type 0
[    4.053627] random: systemd-udevd: uninitialized urandom read (16 bytes read)
[    4.057641] sd 2:0:0:0: [sda] Write Protect is off
[    4.068419] sd 2:0:1:0: [sdb] 20480 512-byte logical blocks: (10.5 MB/10.0 MiB)
[    4.072468] random: systemd-udevd: uninitialized urandom read (16 bytes read)
[    4.074876] sd 2:0:0:0: [sda] Incomplete mode parameter data
[    4.081063] sd 2:0:1:0: [sdb] Write Protect is off
[    4.085784] sd 2:0:0:0: [sda] Assuming drive cache: write through
[    4.097256] sd 2:0:1:0: [sdb] Incomplete mode parameter data
[    4.102908] sd 2:0:1:0: [sdb] Assuming drive cache: write through
[    4.120766]  sda: sda1
[    4.140669] sd 2:0:1:0: [sdb] Attached SCSI disk
[    4.149643] sd 2:0:0:0: [sda] Attached SCSI disk
[    4.154881] e1000 0000:00:03.0 eth0: (PCI:33MHz:32-bit) 02:2f:77:f1:0c:e0
[    4.160844] e1000 0000:00:03.0 eth0: Intel(R) PRO/1000 Network Connection
[    4.170606] e1000 0000:00:03.0 enp0s3: renamed from eth0
Begin: Loading essential drivers ... [    6.000212] raid6: sse2x1   gen()  7767 MB/s
[    6.048118] raid6: sse2x1   xor()  7698 MB/s
[    6.096495] raid6: sse2x2   gen() 15885 MB/s
[    6.144342] raid6: sse2x2   xor() 10643 MB/s
[    6.196093] raid6: sse2x4   gen() 16681 MB/s
[    6.244174] raid6: sse2x4   xor()  9618 MB/s
[    6.247950] raid6: using algorithm sse2x4 gen() 16681 MB/s
[    6.253175] raid6: .... xor() 9618 MB/s, rmw enabled
[    6.257723] raid6: using ssse3x2 recovery algorithm
[    6.263668] xor: measuring software checksum speed
[    6.304443]    prefetch64-sse: 19406.000 MB/sec
[    6.348515]    generic_sse: 16694.000 MB/sec
[    6.352676] xor: using function: prefetch64-sse (19406.000 MB/sec)
[    6.360357] async_tx: api initialized (async)
done.
Begin: Running /scripts/init-premount ... done.
Begin: Mounting root file system ... Begin: Running /scripts/local-top ... done.
Begin: Running /scripts/local-premount ... [    6.419401] Btrfs loaded, crc32c=crc32c-intel
Scanning for Btrfs filesystems
done.
Warning: fsck not present, so skipping root file system
[    6.473474] EXT4-fs (sda1): mounted filesystem with ordered data mode. Opts: (null)
done.
Begin: Running /scripts/local-bottom ... done.
Begin: Running /scripts/init-bottom ... done.
[    6.694503] ip_tables: (C) 2000-2006 Netfilter Core Team
[    6.712692] systemd[1]: systemd 237 running in system mode. (+PAM +AUDIT +SELINUX +IMA +APPARMOR +SMACK +SYSVINIT +UTMP +LIBCRYPTSETUP +GCRYPT +GNUTLS +ACL +XZ +LZ4 +SECCOMP +BLKID +ELFUTILS +KMOD -IDN2 +IDN -PCRE2 default-hierarchy=hybrid)
[    6.729038] systemd[1]: Detected virtualization oracle.
[    6.733735] systemd[1]: Detected architecture x86-64.

Welcome to [1mUbuntu 18.04.6 LTS[0m!

[    6.762983] systemd[1]: Set hostname to <ubuntu>.
[    6.775756] systemd[1]: Initializing machine ID from random generator.
[    6.781170] systemd[1]: Installed transient /etc/machine-id file.
[    7.140040] systemd[1]: Reached target User and Group Name Lookups.
[[0;32m  OK  [0m] Reached target User and Group Name Lookups.
[    7.148338] systemd[1]: Started Forward Password Requests to Wall Directory Watch.
[[0;32m  OK  [0m] Started Forward Password Requests to Wall Directory Watch.
[    7.157923] systemd[1]: Set up automount Arbitrary Executable File Formats File System Automount Point.
[[0;32m  OK  [0m] Set up automount Arbitrary Executab…rmats File System Automount Point.
[    7.168865] systemd[1]: Reached target System Time Synchronized.
[[0;32m  OK  [0m] Reached target System Time Synchronized.
[[0;32m  OK  [0m] Created slice User and Session Slice.
[[0;32m  OK  [0m] Created slice System Slice.
[[0;32m  OK  [0m] Listening on Journal Socket.
         Starting Create list of required st…ce nodes for the current kernel...
         Starting Set the console keyboard layout...
[[0;32m  OK  [0m] Listening on Journal Socket (/dev/log).
         Mounting Huge Pages File System...
[[0;32m  OK  [0m] Listening on LVM2 metadata daemon socket.
[[0;32m  OK  [0m] Reached target Slices.
         Starting Uncomplicated firewall...
         Starting Load Kernel Modules...
[[0;32m  OK  [0m] Listening on udev Control Socket.
[[0;32m  OK  [0m] Listening on Journal Audit Socket.
[[0;32m  OK  [0m] Listening on Network Service Netlink Socket.
[[0;32m  OK  [0m] Created slice system-serial\x2dgetty.slice.
         Mounting Kernel Debug File System...
         Mounting POSIX Message Queue File System...
[[0;32m  OK  [0m] Listening on /dev/initctl Compatibility Named Pipe.
[[0;32m  OK  [0m] Listening on LVM2 poll daemon socket.
[[0;32m  OK  [0m] Listening on Syslog Socket.
         Starting Journal Service...
[[0;32m  OK  [0m] Listening on udev Kernel Socket.
         Starting udev Coldplug all Devices...
[[0;32m  OK  [0m] Listening on Device-mapper event daemon FIFOs.
         Starting Monitoring of LVM2 mirrors…ng dmeventd or progress polling...
[[0;32m  OK  [0m] Reached target Swap.
[[0;32m  OK  [0m] Listening on fsck to fsckd communication Socket.
         Starting File System Check on Root Device...
[[0;32m  OK  [0m] Started Create list of required sta…vice nodes for the current kernel.
[[0;32m  OK  [0m] Mounted Huge Pages File System.
[[0;32m  OK  [0m] Started Uncomplicated firewall.
[[0;32m  OK  [0m] Mounted Kernel Debug File System.
[[0;32m  OK  [0m] Mounted POSIX Message Queue File System.
         Starting Create Static Device Nodes in /dev...
[[0;32m  OK  [0m] Started File System Check Daemon to report status.
[[0;32m  OK  [0m] Started LVM2 metadata daemon.
[    7.371130] Loading iSCSI transport class v2.0-870.
[    7.385911] iscsi: registered transport (tcp)
[    7.412447] iscsi: registered transport (iser)
[[0;32m  OK  [0m] Started Load Kernel Modules.
         Mounting Kernel Configuration File System...
         Mounting FUSE Control File System...
         Starting Apply Kernel Variables...
[[0;32m  OK  [0m] Mounted Kernel Configuration File System.
[[0;32m  OK  [0m] Mounted FUSE Control File System.
[[0;32m  OK  [0m] Started Journal Service.
[[0;32m  OK  [0m] Started Create Static Device Nodes in /dev.
[[0;32m  OK  [0m] Started udev Coldplug all Devices.
[[0;32m  OK  [0m] Started Set the console keyboard layout.
[[0;32m  OK  [0m] Started File System Check on Root Device.
         Starting Remount Root and Kernel File Systems...
[[0;32m  OK  [0m] Started Monitoring of LVM2 mirrors,…sing dmeventd or progress polling.
[[0;32m  OK  [0m] Started Apply Kernel Variables.
[[0;32m  OK  [0m] Started Remount Root and Kernel File Systems.
[[0;32m  OK  [0m] Reached target Local File Systems (Pre).
         Starting Load/Save Random Seed...
         Starting udev Kernel Device Manager...
[[0;32m  OK  [0m] Reached target Local File Systems.
         Starting Tell Plymouth To Write Out Runtime Data...
         Starting Commit a transient machine-id on disk...
         Starting AppArmor initialization...
         Starting Set console font and keymap...
         Starting ebtables ruleset management...
         Starting Flush Journal to Persistent Storage...
[[0;32m  OK  [0m] Started Load/Save Random Seed.
[[0;32m  OK  [0m] Started Tell Plymouth To Write Out Runtime Data.
[[0;32m  OK  [0m] Started Set console font and keymap.
[[0;32m  OK  [0m] Started udev Kernel Device Manager.
[[0;32m  OK  [0m] Started Dispatch Password Requests to Console Directory Watch.
[[0;32m  OK  [0m] Reached target Local Encrypted Volumes.
[[0;32m  OK  [0m] Started Commit a transient machine-id on disk.
[[0;32m  OK  [0m] Started Flush Journal to Persistent Storage.
         Starting Create Volatile Files and Directories...
[[0;32m  OK  [0m] Started Create Volatile Files and Directories.
[[0;32m  OK  [0m] Started ebtables ruleset management.
         Starting Update UTMP about System Boot/Shutdown...
[[0;32m  OK  [0m] Started Update UTMP about System Boot/Shutdown.
[[0;32m  OK  [0m] Found device /dev/ttyS0.
[[0;32m  OK  [0m] Listening on Load/Save RF Kill Switch Status /dev/rfkill Watch.
[[0;32m  OK  [0m] Started AppArmor initialization.
         Starting Initial cloud-init job (pre-networking)...
         Starting Load AppArmor profiles managed internally by snapd...
[[0;32m  OK  [0m] Started Load AppArmor profiles managed internally by snapd.
[   10.157203] cloud-init[551]: Cloud-init v. 21.2-3-g899bfaa9-0ubuntu2~18.04.1 running 'init-local' at Thu, 30 Sep 2021 23:20:09 +0000. Up 9.77 seconds.
[[0;32m  OK  [0m] Started Initial cloud-init job (pre-networking).
[[0;32m  OK  [0m] Reached target Network (Pre).
         Starting Network Service...
[[0;32m  OK  [0m] Started Network Service.
         Starting Wait for Network to be Configured...
         Starting Network Name Resolution...
[[0;32m  OK  [0m] Started Network Name Resolution.
[[0;32m  OK  [0m] Reached target Host and Network Name Lookups.
[[0;32m  OK  [0m] Reached target Network.
[[0;32m  OK  [0m] Started Wait for Network to be Configured.
         Starting Initial cloud-init job (metadata service crawler)...
[   11.961584] cloud-init[675]: Cloud-init v. 21.2-3-g899bfaa9-0ubuntu2~18.04.1 running 'init' at Thu, 30 Sep 2021 23:20:11 +0000. Up 11.83 seconds.
[   11.968456] cloud-init[675]: ci-info: +++++++++++++++++++++++++++++++++++++Net device info++++++++++++++++++++++++++++++++++++++
[   11.974228] cloud-init[675]: ci-info: +--------+------+---------------------------+---------------+--------+-------------------+
[   11.979798] cloud-init[675]: ci-info: | Device |  Up  |          Address          |      Mask     | Scope  |     Hw-Address    |
[   11.985554] cloud-init[675]: ci-info: +--------+------+---------------------------+---------------+--------+-------------------+
[   11.991330] cloud-init[675]: ci-info: | enp0s3 | True |         10.0.2.15         | 255.255.255.0 | global | 02:2f:77:f1:0c:e0 |
[   11.998004] cloud-init[675]: ci-info: | enp0s3 | True | fe80::2f:77ff:fef1:ce0/64 |       .       |  link  | 02:2f:77:f1:0c:e0 |
[   12.003864] cloud-init[675]: ci-info: |   lo   | True |         127.0.0.1         |   255.0.0.0   |  host  |         .         |
[   12.010924] cloud-init[675]: ci-info: |   lo   | True |          ::1/128          |       .       |  host  |         .         |
[   12.017279] cloud-init[675]: ci-info: +--------+------+---------------------------+---------------+--------+-------------------+
[   12.022898] cloud-init[675]: ci-info: ++++++++++++++++++++++++++++Route IPv4 info+++++++++++++++++++++++++++++
[   12.028644] cloud-init[675]: ci-info: +-------+-------------+----------+-----------------+-----------+-------+
[   12.033980] cloud-init[675]: ci-info: | Route | Destination | Gateway  |     Genmask     | Interface | Flags |
[   12.039064] cloud-init[675]: ci-info: +-------+-------------+----------+-----------------+-----------+-------+
[   12.044594] cloud-init[675]: ci-info: |   0   |   0.0.0.0   | 10.0.2.2 |     0.0.0.0     |   enp0s3  |   UG  |
[   12.049752] cloud-init[675]: ci-info: |   1   |   10.0.2.0  | 0.0.0.0  |  255.255.255.0  |   enp0s3  |   U   |
[   12.054816] cloud-init[675]: ci-info: |   2   |   10.0.2.2  | 0.0.0.0  | 255.255.255.255 |   enp0s3  |   UH  |
[   12.059906] cloud-init[675]: ci-info: +-------+-------------+----------+-----------------+-----------+-------+
[   12.065319] cloud-init[675]: ci-info: +++++++++++++++++++Route IPv6 info+++++++++++++++++++
[   12.070661] cloud-init[675]: ci-info: +-------+-------------+---------+-----------+-------+
[   12.077845] cloud-init[675]: ci-info: | Route | Destination | Gateway | Interface | Flags |
[   12.084808] cloud-init[675]: ci-info: +-------+-------------+---------+-----------+-------+
[   12.091687] cloud-init[675]: ci-info: |   1   |  fe80::/64  |    ::   |   enp0s3  |   U   |
[   12.098847] cloud-init[675]: ci-info: |   3   |    local    |    ::   |   enp0s3  |   U   |
[   12.105899] cloud-init[675]: ci-info: |   4   |   ff00::/8  |    ::   |   enp0s3  |   U   |
[   12.113730] cloud-init[675]: ci-info: +-------+-------------+---------+-----------+-------+
[   13.020381] cloud-init[675]: Generating public/private rsa key pair.
[   13.025255] cloud-init[675]: Your identification has been saved in /etc/ssh/ssh_host_rsa_key.
[   13.030094] cloud-init[675]: Your public key has been saved in /etc/ssh/ssh_host_rsa_key.pub.
[   13.034966] cloud-init[675]: The key fingerprint is:
[   13.038785] cloud-init[675]: SHA256:3F53qLCtbBXb4T/Lc7NKk7ooCaDUr25al8+ICOlzGTQ root@ubuntu-bionic
[   13.043851] cloud-init[675]: The key's randomart image is:
[   13.047704] cloud-init[675]: +---[RSA 2048]----+
[   13.051416] cloud-init[675]: |                 |
[   13.054985] cloud-init[675]: |                 |
[   13.058813] cloud-init[675]: |  .              |
[   13.062513] cloud-init[675]: | . E   . .  . .. |
[[0;32m  OK  [0m] Started Initial cloud-init job (metadata service crawler).
[[0;32m  OK  [0m] Reached target System Initialization.
[   13.069841]          Starting LXD - unix socket.
[[0;32m  OK  [0m] Started Ubuntu Advantage update messaging.
[[0;32m  OK  [0m] Listening on ACPID Listen Socket.
[[0;32m  OK  [0m] Started Daily apt download activities.
[[0;32m  OK  [0m] Started Daily apt upgrade and clean activities.
[[0;32m  OK  [0m] Started Discard unused blocks once a week.
[[0;32m  OK  [0m] Listening on D-Bus System Message Bus Socket.
[[0;32m  OK  [0m] Started ACPI Events Check.
[[0;32m  OK  [0m] Listening on Open-iSCSI iscsid Socket.
[[0;32m  OK  [0m] Reached target Paths.
[[0;32m  OK  [0m] Started Message of the Day.
[[0;32m  OK  [0m] Started Daily Cleanup of Temporary Directories.
[[0;32m  OK  [0m] Reached target Timers.
[[0;32m  OK  [0m] Listening on UUID daemon activation socket.
         Starting Socket activation for snappy daemon.
[[0;32m  OK  [0m] Reached target Network is Online.
[[0;32m  OK  [0m] Reached target Remote File Systems (Pre).
[[0;32m  OK  [0m] Reached target Remote File Systems.
         Starting Availability of block devices...
[[0;32m  OK  [0m] Reached target Cloud-config availability.
[[0;32m  OK  [0m] Listening on LXD - unix socket.
[[0;32m  OK  [0m] Listening on Socket activation for snappy daemon.
[[0;32m  OK  [0m] Reached target Sockets.
[[0;32m  OK  [0m] Reached target Basic System.
         Starting System Logging Service...
         Starting LSB: Record successful boot for GRUB...
         Starting Permit User Sessions...
         Starting LXD - container startup/shutdown...
[[0;32m  OK  [0m] Started FUSE filesystem for LXC.
[[0;32m  OK  [0m] Started irqbalance daemon.
         Starting Accounts Service...
         Starting Virtualbox guest utils...
[[0;32m  OK  [0m] Started D-Bus System Message Bus.
cloud-init[675]: |. o +   S o .=o..|
[   13.122358] cloud-init[675]: | o . o.  . =oo+. |
[   13.127072] cloud-init[675]: |o  .+o. . o.o+ . |
[   13.136547] cloud-init[675]: |o.o=o +o .o.o o+o|
[   13.142505] cloud-init[675]: | +*o . o.ooo...+B|
[   13.148633] cloud-init[675]: +----[SHA256]-----+
[   13.152555] cloud-init[675]: Generating public/private dsa key pair.
[   13.159934] cloud-init[675]: Your identification has been saved in /etc/ssh/ssh_host_dsa_key.
[   13.165571] cloud-init[675]: Your public key has been saved in /etc/ssh/ssh_host_dsa_key.pub.
[   13.172952] cloud-init[675]: The key fingerprint is:
[   13.177477] cloud-init[675]: SHA256:zDWZWuMD+l+rKaLpjrqj5BpCRm7YHqwO4npqxQ/mv7g root@ubuntu-bionic
[   13.181668] cloud-init[675]: The key's randomart image is:
[   13.184378] cloud-init[675]: +---[DSA 1024]----+
[   13.187014] cloud-init[675]: |                 |
[   13.189016] cloud-init[675]: |           o     |
[   13.191279] cloud-init[675]: | .      . B      |
[   13.193264] cloud-init[675]: |+o     + * o     |
[   13.195127] cloud-init[675]: |.==   . S o      |
[   13.197016] cloud-init[675]: |+o *   .   .     |
[   13.198854] cloud-init[675]: |*.= o   .   .    |
[   13.200823] cloud-init[675]: |Xo.o.o. .. o .   |
[   13.202631] cloud-init[675]: |%X.EB+.. .+..    |
[   13.204557] cloud-init[675]: +----[SHA256]-----+
[   13.206489] cloud-init[675]: Generating public/private ecdsa key pair.
[   13.208868] cloud-init[675]: Your identification has been saved in /etc/ssh/ssh_host_ecdsa_key.
[   13.211833] cloud-init[675]: Your public key has been saved in /etc/ssh/ssh_host_ecdsa_key.pub.
[   13.214765] cloud-init[675]: The key fingerprint is:
[   13.217218] cloud-init[675]: SHA256:pYs+WoY8BX4cRbNMMcFhtZF491yH03A1k37yiJu+yIE root@ubuntu-bionic
[   13.220619] cloud-init[675]: The key's randomart image is:
[   13.222580] cloud-init[675]: +---[ECDSA 256]---+
[   13.225163] cloud-init[675]: |       o@*o.  .*=|
[   13.228486] cloud-init[675]: |       =o+oo. oo*|
[   13.233405] cloud-init[675]: |    . . o.o. o.o.|
[   13.237906] cloud-init[675]: |   . o . o    +..|
[   13.242149] cloud-init[675]: |    . + S    . +.|
[   13.246621] cloud-init[675]: |   . + . o  . . .|
[   13.251563] cloud-init[675]: |    + + E .  o   |
[   13.255686] cloud-init[675]: |     =.  . oo    |
[   13.261044] cloud-init[675]: |    ....  o.o.   |
[   13.264970] cloud-init[675]: +----[SHA256]-----+
[   13.268954] cloud-init[675]: Generating public/private ed25519 key pair.
[   13.273816] cloud-init[675]: Your identification has been saved in /etc/ssh/ssh_host_ed25519_key.
[   13.279156] cloud-init[675]: Your public key has been saved in /etc/ssh/ssh_host_ed25519_key.pub.
[   13.287320] cloud-init[675]: The key fingerprint is:
[   13.291692] cloud-init[675]: SHA256:a7eIgyRwfC+eylTiWV7cQvBxja896bERBPxktg7x4eI root@ubuntu-bionic
[   13.297202] cloud-init[675]: The key's randomart image is:
[   13.302615] cloud-init[675]: +--[ED25519 256]--+
[   13.307102] cloud-init[675]: |    . ..o+       |
[   13.311042] cloud-init[675]: |     o o+ B      |
[   13.315181] cloud-init[675]: | .    o  @ o     |
[   13.320567] cloud-init[675]: |. o .o .o B      |
[   13.325385] cloud-init[675]: | o..o.+.S* o     |
[   13.329586] cloud-init[675]: | ..*o...E.B      |
[   13.333548] cloud-init[675]: |  ++.+  o..=     |
[   13.337590] cloud-init[675]: | o  + .o oo.     |
[   13.342278] cloud-init[675]: |  o.  ... .      |
[   13.346134] cloud-init[675]: +----[SHA256]-----+
         Starting Snap Daemon...
         Starting Login Service...
         Starting LSB: automatic crash report generation...
         Starting Pollinate to seed the pseudo random number generator...
[[0;32m  OK  [0m] Started Regular background program processing daemon.
         Starting Dispatcher daemon for systemd-networkd...
[[0;32m  OK  [0m] Started Deferred execution scheduler.
[[0;32m  OK  [0m] Started System Logging Service.
[[0;32m  OK  [0m] Started Availability of block devices.
[[0;32m  OK  [0m] Started Permit User Sessions.
[[0;32m  OK  [0m] Started LXD - container startup/shutdown.
[[0;32m  OK  [0m] Started Login Service.
[[0;32m  OK  [0m] Started Unattended Upgrades Shutdown.
         Starting Authorization Manager...
         Starting Terminate Plymouth Boot Screen...
         Starting Hold until boot process finishes up...
[[0;32m  OK  [0m] Started Hold until boot process finishes up.
         Starting Set console scheme...
[[0;32m  OK  [0m] Started Serial Getty on ttyS0.
[[0;32m  OK  [0m] Started Terminate Plymouth Boot Screen.
[[0;32m  OK  [0m] Started LSB: automatic crash report generation.
[[0;32m  OK  [0m] Started Set console scheme.
[[0;32m  OK  [0m] Created slice system-getty.slice.
[[0;32m  OK  [0m] Started Getty on tty1.
[[0;32m  OK  [0m] Reached target Login Prompts.
[[0;32m  OK  [0m] Started Authorization Manager.
[[0;32m  OK  [0m] Started Accounts Service.
[[0;32m  OK  [0m] Started LSB: Record successful boot for GRUB.
[[0;32m  OK  [0m] Started Virtualbox guest utils.
[[0;32m  OK  [0m] Started Dispatcher daemon for systemd-networkd.
[[0;32m  OK  [0m] Started Snap Daemon.
         Starting Wait until snapd is fully seeded...
[[0;32m  OK  [0m] Started Pollinate to seed the pseudo random number generator.
         Starting OpenBSD Secure Shell server...
[[0;32m  OK  [0m] Started OpenBSD Secure Shell server.
[[0;32m  OK  [0m] Started Wait until snapd is fully seeded.
         Starting Apply the settings specified in cloud-config...
[[0;32m  OK  [0m] Reached target Multi-User System.
[[0;32m  OK  [0m] Reached target Graphical Interface.
         Starting Update UTMP about System Runlevel Changes...
[[0;32m  OK  [0m] Started Update UTMP about System Runlevel Changes.
[   17.227132] cloud-init[1148]: Cloud-init v. 21.2-3-g899bfaa9-0ubuntu2~18.04.1 running 'modules:config' at Thu, 30 Sep 2021 23:20:15 +0000. Up 16.19 seconds.
[[0;32m  OK  [0m] Started Apply the settings specified in cloud-config.
         Starting Execute cloud user/final scripts...
ci-info: no authorized SSH keys fingerprints found for user ubuntu.
<14>Sep 30 23:20:17 cloud-init: #############################################################
<14>Sep 30 23:20:17 cloud-init: -----BEGIN SSH HOST KEY FINGERPRINTS-----
<14>Sep 30 23:20:17 cloud-init: 1024 SHA256:zDWZWuMD+l+rKaLpjrqj5BpCRm7YHqwO4npqxQ/mv7g root@ubuntu-bionic (DSA)
<14>Sep 30 23:20:17 cloud-init: 256 SHA256:pYs+WoY8BX4cRbNMMcFhtZF491yH03A1k37yiJu+yIE root@ubuntu-bionic (ECDSA)
<14>Sep 30 23:20:17 cloud-init: 256 SHA256:a7eIgyRwfC+eylTiWV7cQvBxja896bERBPxktg7x4eI root@ubuntu-bionic (ED25519)
<14>Sep 30 23:20:17 cloud-init: 2048 SHA256:3F53qLCtbBXb4T/Lc7NKk7ooCaDUr25al8+ICOlzGTQ root@ubuntu-bionic (RSA)
<14>Sep 30 23:20:17 cloud-init: -----END SSH HOST KEY FINGERPRINTS-----
<14>Sep 30 23:20:17 cloud-init: #############################################################
-----BEGIN SSH HOST KEY KEYS-----
ecdsa-sha2-nistp256 AAAAE2VjZHNhLXNoYTItbmlzdHAyNTYAAAAIbmlzdHAyNTYAAABBBCoXGGdwnaDZ2O/wxuFeR1uGXoClE9Yy/mUqrLXBUsLFG/fl9JOrzjMwuKFXASvi+rYQQwaR29QBB5Z+aTXlFl8= root@ubuntu-bionic
ssh-ed25519 AAAAC3NzaC1lZDI1NTE5AAAAII6RUSNd0ojr48frFpG+HLZCMLpnqPIfVgWcO5JG5X9T root@ubuntu-bionic
ssh-rsa AAAAB3NzaC1yc2EAAAADAQABAAABAQDDasGl0uxoWThKsIXWoFE3bS0XHiqo48iMsqpDQhnpsKAduhHTQGv+Z/ZMdxdo8qf0F+dBhc0ph+qOFysIaJ1Tx7bPI6ysgYmMcUx6t81I3P83sMS7wLUzWHlzWzldgMmZO1tWFyrXzocZ7g9TdcrIGeiNNXp72KQIwXOX20MsQtq0EvFi4DmdDTST343EeXP+SF5z2o2DwcdBq+zCkcyZ0rf3izFiH9CaiLTG4bCZmUp3/3z/6ag6BqmQq8dqN/rhvANfwCxGGRxFmMFPeHANFofC8fsDXeqLI/t6aMmDK4x3KmtPXVrLvMes68L/5lhX4b9tyO0bY3nBLcRMi3BP root@ubuntu-bionic
-----END SSH HOST KEY KEYS-----
[   17.760796] cloud-init[1207]: Cloud-init v. 21.2-3-g899bfaa9-0ubuntu2~18.04.1 running 'modules:final' at Thu, 30 Sep 2021 23:20:16 +0000. Up 17.55 seconds.
[   17.765576] cloud-init[1207]: ci-info: no authorized SSH keys fingerprints found for user ubuntu.
[   17.768552] cloud-init[1207]: Cloud-init v. 21.2-3-g899bfaa9-0ubuntu2~18.04.1 finished at Thu, 30 Sep 2021 23:20:17 +0000. Datasource DataSourceNoCloud [seed=/dev/sdb][dsmode=net].  Up 17.75 seconds
[[0;32m  OK  [0m] Started Execute cloud user/final scripts.
[[0;32m  OK  [0m] Reached target Cloud-init target.

Ubuntu 18.04.6 LTS ubuntu-bionic ttyS0

ubuntu-bionic login: 